2025-08-29 12:51:51,842 | DEBUG | Main           | Initializing NetworkStream and SensorStream...
2025-08-29 12:51:51,881 | DEBUG | Main           | Init/Setup of network and sensor probe...
2025-08-29 12:51:51,881 | INFO  | NetworkProbe   | NetworkProbe initialized.
2025-08-29 12:51:51,882 | INFO  | SensorProbe    | SensorProbe initialized.
2025-08-29 12:51:51,886 | DEBUG | Main           | Initializing edge detector...
2025-08-29 12:51:51,972 | INFO  | cEdgeDetector  | cEdgeDetector initialized.
2025-08-29 12:51:52,017 | DEBUG | Main           | Starting network traffic capture on port 9000...
2025-08-29 12:51:52,017 | DEBUG | Main           | Starting sensor traffic capture on port 9001...
2025-08-29 12:51:52,018 | INFO  | NetworkProbe   | TCP server listening on 0.0.0.0:9000
2025-08-29 12:51:52,019 | INFO  | SensorProbe    | TCP server listening on 0.0.0.0:9001
2025-08-29 12:52:42,751 | DEBUG | cEdgeDetector  | Label: sensor_anomaly | Value: 0.0510160 | Severity: low
2025-08-29 12:58:29,497 | DEBUG | Main           | Initializing NetworkStream and SensorStream...
2025-08-29 12:58:29,520 | DEBUG | Main           | Init/Setup of network and sensor probe...
2025-08-29 12:58:29,521 | INFO  | NetworkProbe   | NetworkProbe initialized.
2025-08-29 12:58:29,522 | INFO  | SensorProbe    | SensorProbe initialized.
2025-08-29 12:58:29,544 | DEBUG | Main           | Initializing edge detector...
2025-08-29 12:58:29,620 | INFO  | cEdgeDetector  | cEdgeDetector initialized.
2025-08-29 12:58:29,667 | DEBUG | Main           | Starting network traffic capture on port 9000...
2025-08-29 12:58:29,667 | DEBUG | Main           | Starting sensor traffic capture on port 9001...
2025-08-29 12:58:29,668 | INFO  | NetworkProbe   | TCP server listening on 0.0.0.0:9000
2025-08-29 12:58:29,668 | INFO  | SensorProbe    | TCP server listening on 0.0.0.0:9001
2025-09-01 07:06:20,941 | DEBUG | Main           | Initializing NetworkStream and SensorStream...
2025-09-01 07:06:20,963 | DEBUG | Main           | Init/Setup of network and sensor probe...
2025-09-01 07:06:20,964 | INFO  | NetworkProbe   | NetworkProbe initialized.
2025-09-01 07:06:20,964 | INFO  | SensorProbe    | SensorProbe initialized.
2025-09-01 07:06:20,977 | DEBUG | Main           | Initializing edge detector...
2025-09-01 07:06:21,099 | INFO  | cEdgeDetector  | cEdgeDetector initialized.
2025-09-01 07:06:21,141 | DEBUG | Main           | Starting network traffic capture on port 9000...
2025-09-01 07:06:21,142 | DEBUG | Main           | Starting sensor traffic capture on port 9001...
2025-09-01 07:06:21,143 | INFO  | NetworkProbe   | TCP server listening on 0.0.0.0:9000
2025-09-01 07:06:21,143 | INFO  | SensorProbe    | TCP server listening on 0.0.0.0:9001
2025-09-01 07:07:49,372 | DEBUG | cEdgeDetector  | Label: network_anomaly | Value: 0.0137009 | Severity: low
2025-09-01 07:07:57,073 | DEBUG | cEdgeDetector  | Label: network_anomaly | Value: 0.0114036 | Severity: low
2025-09-01 07:07:58,063 | DEBUG | cEdgeDetector  | Label: network_anomaly | Value: 0.0106649 | Severity: low
2025-09-01 07:07:59,094 | DEBUG | cEdgeDetector  | Label: network_anomaly | Value: 0.0106649 | Severity: low
2025-09-01 07:08:00,071 | DEBUG | cEdgeDetector  | Label: network_anomaly | Value: 0.0139885 | Severity: low
2025-09-01 07:08:01,106 | DEBUG | cEdgeDetector  | Label: network_anomaly | Value: 0.0127134 | Severity: low
2025-09-01 07:08:02,078 | DEBUG | cEdgeDetector  | Label: network_anomaly | Value: 0.0106649 | Severity: low
2025-09-01 07:08:03,089 | DEBUG | cEdgeDetector  | Label: network_anomaly | Value: 0.0124156 | Severity: low
2025-09-01 07:08:04,119 | DEBUG | cEdgeDetector  | Label: network_anomaly | Value: 0.0310918 | Severity: low
2025-09-01 07:08:05,252 | DEBUG | cEdgeDetector  | Label: network_anomaly | Value: 0.0450489 | Severity: low
2025-09-01 07:08:43,070 | DEBUG | cEdgeDetector  | Label: sensor_anomaly | Value: 0.0510160 | Severity: low
2025-09-01 07:08:45,070 | DEBUG | cEdgeDetector  | Label: sensor_anomaly | Value: 0.0111391 | Severity: low
2025-09-01 07:09:01,083 | DEBUG | cEdgeDetector  | Label: sensor_anomaly | Value: 0.0379491 | Severity: low
2025-09-01 07:09:03,087 | DEBUG | cEdgeDetector  | Label: sensor_anomaly | Value: 0.0404096 | Severity: low
2025-09-01 07:09:05,081 | DEBUG | cEdgeDetector  | Label: sensor_anomaly | Value: 0.0104542 | Severity: low
2025-09-04 06:25:13,566 | DEBUG | Main           | Initializing NetworkStream and SensorStream...
2025-09-04 06:25:13,683 | DEBUG | Main           | Init/Setup of network and sensor probe...
2025-09-04 06:25:13,684 | INFO  | NetworkProbe   | NetworkProbe initialized.
2025-09-04 06:25:13,685 | INFO  | SensorProbe    | SensorProbe initialized.
2025-09-04 06:25:13,777 | DEBUG | Main           | Initializing edge detector...
2025-09-04 06:25:14,719 | INFO  | cEdgeDetector  | cEdgeDetector initialized.
2025-09-04 06:25:15,079 | DEBUG | Main           | Starting network traffic capture on port 9000...
2025-09-04 06:25:15,079 | DEBUG | Main           | Starting sensor traffic capture on port 9001...
2025-09-04 06:25:15,080 | INFO  | NetworkProbe   | TCP server listening on 0.0.0.0:9000
2025-09-04 06:25:15,080 | INFO  | SensorProbe    | TCP server listening on 0.0.0.0:9001
2025-09-04 06:32:44,255 | DEBUG | cEdgeDetector  | Label: network_anomaly | Value: 0.0340277 | Severity: low
2025-09-04 06:32:44,437 | DEBUG | cEdgeDetector  | Label: network_anomaly | Value: 0.0340277 | Severity: low
2025-09-04 06:32:45,025 | DEBUG | cEdgeDetector  | Label: network_anomaly | Value: 0.0243372 | Severity: low
2025-09-04 06:32:46,024 | DEBUG | cEdgeDetector  | Label: network_anomaly | Value: 0.0287568 | Severity: low
2025-09-04 06:32:50,024 | DEBUG | cEdgeDetector  | Label: network_anomaly | Value: 0.0287568 | Severity: low
2025-09-04 06:35:27,989 | DEBUG | cEdgeDetector  | Label: sensor_anomaly | Value: 0.0510160 | Severity: low
2025-09-04 06:35:30,028 | DEBUG | cEdgeDetector  | Label: sensor_anomaly | Value: 0.0111391 | Severity: low
2025-09-04 07:47:10,404 | DEBUG | Main           | Initializing NetworkStream and SensorStream...
2025-09-04 07:47:10,441 | DEBUG | Main           | Init/Setup of network and sensor probe...
2025-09-04 07:47:10,442 | INFO  | NetworkProbe   | NetworkProbe initialized.
2025-09-04 07:47:10,442 | INFO  | SensorProbe    | SensorProbe initialized.
2025-09-04 07:47:10,669 | DEBUG | Main           | Initializing edge detector...
2025-09-04 07:47:11,032 | INFO  | cEdgeDetector  | cEdgeDetector initialized.
2025-09-04 07:47:11,170 | DEBUG | Main           | Starting network traffic capture on port 9000...
2025-09-04 07:47:11,171 | DEBUG | Main           | Starting sensor traffic capture on port 9001...
2025-09-04 07:47:11,173 | INFO  | NetworkProbe   | TCP server listening on 0.0.0.0:9000
2025-09-04 07:47:11,173 | INFO  | SensorProbe    | TCP server listening on 0.0.0.0:9001
2025-09-04 08:01:54,522 | DEBUG | cEdgeDetector  | Label: network_anomaly | Value: 0.0189788 | Severity: low
2025-09-04 08:02:00,014 | DEBUG | cEdgeDetector  | Label: network_anomaly | Value: 0.0310923 | Severity: low
2025-09-04 08:02:01,040 | DEBUG | cEdgeDetector  | Label: network_anomaly | Value: 0.0189788 | Severity: low
2025-09-04 08:02:01,074 | DEBUG | cEdgeDetector  | Label: network_anomaly | Value: 0.0310917 | Severity: low
2025-09-04 08:02:01,086 | DEBUG | cEdgeDetector  | Label: network_anomaly | Value: 0.0108724 | Severity: low
2025-09-04 08:02:04,086 | DEBUG | cEdgeDetector  | Label: network_anomaly | Value: 0.0311000 | Severity: low
2025-09-04 08:02:05,126 | DEBUG | cEdgeDetector  | Label: network_anomaly | Value: 0.0189788 | Severity: low
2025-09-04 08:02:06,140 | DEBUG | cEdgeDetector  | Label: network_anomaly | Value: 0.0310917 | Severity: low
2025-09-04 08:02:14,328 | DEBUG | cEdgeDetector  | Label: network_anomaly | Value: 0.0310915 | Severity: low
2025-09-04 08:02:14,334 | DEBUG | cEdgeDetector  | Label: network_anomaly | Value: 0.0106649 | Severity: low
2025-09-04 08:02:24,709 | DEBUG | cEdgeDetector  | Label: network_anomaly | Value: 0.0310915 | Severity: low
2025-09-04 08:02:24,727 | DEBUG | cEdgeDetector  | Label: network_anomaly | Value: 0.0126173 | Severity: low
2025-09-04 08:02:30,850 | DEBUG | cEdgeDetector  | Label: network_anomaly | Value: 0.0310917 | Severity: low
2025-09-04 08:02:30,866 | DEBUG | cEdgeDetector  | Label: network_anomaly | Value: 0.0310917 | Severity: low
2025-09-04 08:02:42,566 | DEBUG | cEdgeDetector  | Label: network_anomaly | Value: 0.0126158 | Severity: low
2025-09-04 08:02:43,593 | DEBUG | cEdgeDetector  | Label: network_anomaly | Value: 0.0310917 | Severity: low
2025-09-04 08:02:48,702 | DEBUG | cEdgeDetector  | Label: network_anomaly | Value: 0.0106649 | Severity: low
2025-09-04 08:02:50,763 | DEBUG | cEdgeDetector  | Label: network_anomaly | Value: 0.0164285 | Severity: low
2025-09-04 08:02:50,795 | DEBUG | cEdgeDetector  | Label: network_anomaly | Value: 0.0106649 | Severity: low
2025-09-04 08:02:50,821 | DEBUG | cEdgeDetector  | Label: network_anomaly | Value: 0.0310917 | Severity: low
2025-09-04 08:02:52,786 | DEBUG | cEdgeDetector  | Label: network_anomaly | Value: 0.0310914 | Severity: low
2025-09-04 08:02:54,859 | DEBUG | cEdgeDetector  | Label: network_anomaly | Value: 0.0161488 | Severity: low
2025-09-04 08:02:54,902 | DEBUG | cEdgeDetector  | Label: network_anomaly | Value: 0.0132390 | Severity: low
2025-09-04 08:02:54,918 | DEBUG | cEdgeDetector  | Label: network_anomaly | Value: 0.0139885 | Severity: low
2025-09-04 08:03:03,244 | DEBUG | cEdgeDetector  | Label: network_anomaly | Value: 0.0132390 | Severity: low
2025-09-04 08:03:03,279 | DEBUG | cEdgeDetector  | Label: network_anomaly | Value: 0.0126632 | Severity: low
2025-09-04 08:03:03,297 | DEBUG | cEdgeDetector  | Label: network_anomaly | Value: 0.0121481 | Severity: low
2025-09-04 08:03:04,258 | DEBUG | cEdgeDetector  | Label: network_anomaly | Value: 0.0139885 | Severity: low
2025-09-04 08:03:05,261 | DEBUG | cEdgeDetector  | Label: network_anomaly | Value: 0.0126971 | Severity: low
2025-09-04 08:03:05,270 | DEBUG | cEdgeDetector  | Label: network_anomaly | Value: 0.0126632 | Severity: low
2025-09-04 08:03:06,300 | DEBUG | cEdgeDetector  | Label: network_anomaly | Value: 0.0154214 | Severity: low
2025-09-04 08:03:06,310 | DEBUG | cEdgeDetector  | Label: network_anomaly | Value: 0.0104592 | Severity: low
2025-09-04 08:03:07,325 | DEBUG | cEdgeDetector  | Label: network_anomaly | Value: 0.0126632 | Severity: low
2025-09-04 08:03:09,402 | DEBUG | cEdgeDetector  | Label: network_anomaly | Value: 0.0154129 | Severity: low
2025-09-04 08:03:20,813 | DEBUG | cEdgeDetector  | Label: network_anomaly | Value: 0.0116502 | Severity: low
2025-09-04 08:03:22,882 | DEBUG | cEdgeDetector  | Label: network_anomaly | Value: 0.0108724 | Severity: low
2025-09-04 08:03:31,090 | DEBUG | cEdgeDetector  | Label: network_anomaly | Value: 0.0310917 | Severity: low
2025-09-04 08:03:31,121 | DEBUG | cEdgeDetector  | Label: network_anomaly | Value: 0.0106649 | Severity: low
2025-09-04 08:03:31,133 | DEBUG | cEdgeDetector  | Label: network_anomaly | Value: 0.0106649 | Severity: low
2025-09-04 08:03:35,186 | DEBUG | cEdgeDetector  | Label: network_anomaly | Value: 0.0116502 | Severity: low
2025-09-04 08:03:38,225 | DEBUG | cEdgeDetector  | Label: network_anomaly | Value: 0.0310917 | Severity: low
2025-09-04 08:03:40,271 | DEBUG | cEdgeDetector  | Label: network_anomaly | Value: 0.0347664 | Severity: low
2025-09-04 08:03:40,279 | DEBUG | cEdgeDetector  | Label: network_anomaly | Value: 0.0140443 | Severity: low
2025-09-04 08:03:40,286 | DEBUG | cEdgeDetector  | Label: network_anomaly | Value: 0.0156049 | Severity: low
2025-09-04 08:03:51,719 | DEBUG | cEdgeDetector  | Label: network_anomaly | Value: 0.0106649 | Severity: low
2025-09-04 08:03:51,733 | DEBUG | cEdgeDetector  | Label: network_anomaly | Value: 0.0159951 | Severity: low
2025-09-04 08:03:51,742 | DEBUG | cEdgeDetector  | Label: network_anomaly | Value: 0.0119246 | Severity: low
2025-09-04 08:03:51,750 | DEBUG | cEdgeDetector  | Label: network_anomaly | Value: 0.0159101 | Severity: low
2025-09-04 08:03:51,756 | DEBUG | cEdgeDetector  | Label: network_anomaly | Value: 0.0107733 | Severity: low
2025-09-04 08:03:51,763 | DEBUG | cEdgeDetector  | Label: network_anomaly | Value: 0.0107733 | Severity: low
2025-09-04 08:03:52,706 | DEBUG | cEdgeDetector  | Label: network_anomaly | Value: 0.0310914 | Severity: low
2025-09-04 08:03:55,761 | DEBUG | cEdgeDetector  | Label: network_anomaly | Value: 0.0150292 | Severity: low
2025-09-04 08:03:55,769 | DEBUG | cEdgeDetector  | Label: network_anomaly | Value: 0.0124727 | Severity: low
2025-09-04 08:03:55,777 | DEBUG | cEdgeDetector  | Label: network_anomaly | Value: 0.0310917 | Severity: low
2025-09-04 08:04:16,456 | DEBUG | cEdgeDetector  | Label: network_anomaly | Value: 0.0108013 | Severity: low
2025-09-04 08:04:16,466 | DEBUG | cEdgeDetector  | Label: network_anomaly | Value: 0.0310918 | Severity: low
2025-09-04 08:04:22,580 | DEBUG | cEdgeDetector  | Label: network_anomaly | Value: 0.0310914 | Severity: low
2025-09-04 08:04:22,585 | DEBUG | cEdgeDetector  | Label: network_anomaly | Value: 0.0108724 | Severity: low
2025-09-04 08:04:22,589 | DEBUG | cEdgeDetector  | Label: network_anomaly | Value: 0.0310917 | Severity: low
2025-09-04 08:04:29,779 | DEBUG | cEdgeDetector  | Label: network_anomaly | Value: 0.0311424 | Severity: low
2025-09-04 08:04:29,790 | DEBUG | cEdgeDetector  | Label: network_anomaly | Value: 0.0311422 | Severity: low
2025-09-04 08:04:29,795 | DEBUG | cEdgeDetector  | Label: network_anomaly | Value: 0.0311427 | Severity: low
2025-09-04 08:04:29,800 | DEBUG | cEdgeDetector  | Label: network_anomaly | Value: 0.0311422 | Severity: low
2025-09-04 08:04:29,804 | DEBUG | cEdgeDetector  | Label: network_anomaly | Value: 0.0101620 | Severity: low
2025-09-04 08:04:38,201 | DEBUG | cEdgeDetector  | Label: network_anomaly | Value: 0.0310932 | Severity: low
2025-09-04 08:04:38,216 | DEBUG | cEdgeDetector  | Label: network_anomaly | Value: 0.0310932 | Severity: low
2025-09-04 08:04:40,266 | DEBUG | cEdgeDetector  | Label: network_anomaly | Value: 0.0126632 | Severity: low
2025-09-04 08:04:41,284 | DEBUG | cEdgeDetector  | Label: network_anomaly | Value: 0.0338594 | Severity: low
2025-09-04 08:04:43,331 | DEBUG | cEdgeDetector  | Label: network_anomaly | Value: 0.0108724 | Severity: low
2025-09-04 08:04:43,344 | DEBUG | cEdgeDetector  | Label: network_anomaly | Value: 0.0126632 | Severity: low
2025-09-04 08:04:44,336 | DEBUG | cEdgeDetector  | Label: network_anomaly | Value: 0.0121481 | Severity: low
2025-09-04 08:04:44,345 | DEBUG | cEdgeDetector  | Label: network_anomaly | Value: 0.0154217 | Severity: low
2025-09-04 08:04:44,355 | DEBUG | cEdgeDetector  | Label: network_anomaly | Value: 0.0121481 | Severity: low
2025-09-04 08:04:45,402 | DEBUG | cEdgeDetector  | Label: network_anomaly | Value: 0.0154124 | Severity: low
2025-09-04 08:04:53,708 | DEBUG | cEdgeDetector  | Label: network_anomaly | Value: 0.0356138 | Severity: low
2025-09-04 08:04:53,719 | DEBUG | cEdgeDetector  | Label: network_anomaly | Value: 0.0126632 | Severity: low
2025-09-04 08:04:54,730 | DEBUG | cEdgeDetector  | Label: network_anomaly | Value: 0.0156040 | Severity: low
2025-09-04 08:04:56,748 | DEBUG | cEdgeDetector  | Label: network_anomaly | Value: 0.0155113 | Severity: low
2025-09-04 08:04:59,836 | DEBUG | cEdgeDetector  | Label: network_anomaly | Value: 0.0126632 | Severity: low
2025-09-04 08:04:59,847 | DEBUG | cEdgeDetector  | Label: network_anomaly | Value: 0.0126632 | Severity: low
2025-09-04 08:04:59,855 | DEBUG | cEdgeDetector  | Label: network_anomaly | Value: 0.0310999 | Severity: low
2025-09-04 08:05:02,930 | DEBUG | cEdgeDetector  | Label: network_anomaly | Value: 0.0156002 | Severity: low
2025-09-04 08:05:02,942 | DEBUG | cEdgeDetector  | Label: network_anomaly | Value: 0.0121481 | Severity: low
2025-09-04 08:05:02,948 | DEBUG | cEdgeDetector  | Label: network_anomaly | Value: 0.0105512 | Severity: low
2025-09-04 08:05:17,401 | DEBUG | cEdgeDetector  | Label: network_anomaly | Value: 0.0126632 | Severity: low
2025-09-04 08:05:17,411 | DEBUG | cEdgeDetector  | Label: network_anomaly | Value: 0.0101596 | Severity: low
2025-09-04 08:05:17,417 | DEBUG | cEdgeDetector  | Label: network_anomaly | Value: 0.0108014 | Severity: low
2025-09-04 08:05:17,422 | DEBUG | cEdgeDetector  | Label: network_anomaly | Value: 0.0156060 | Severity: low
2025-09-04 08:05:17,427 | DEBUG | cEdgeDetector  | Label: network_anomaly | Value: 0.0126632 | Severity: low
2025-09-04 08:05:22,492 | DEBUG | cEdgeDetector  | Label: network_anomaly | Value: 0.0108724 | Severity: low
2025-09-04 08:05:22,500 | DEBUG | cEdgeDetector  | Label: network_anomaly | Value: 0.0151545 | Severity: low
2025-09-04 08:05:22,505 | DEBUG | cEdgeDetector  | Label: network_anomaly | Value: 0.0160861 | Severity: low
2025-09-04 08:05:24,567 | DEBUG | cEdgeDetector  | Label: network_anomaly | Value: 0.0310932 | Severity: low
2025-09-04 08:05:24,591 | DEBUG | cEdgeDetector  | Label: network_anomaly | Value: 0.0310932 | Severity: low
2025-09-04 08:05:38,066 | DEBUG | cEdgeDetector  | Label: network_anomaly | Value: 0.0126632 | Severity: low
2025-09-04 08:05:38,093 | DEBUG | cEdgeDetector  | Label: network_anomaly | Value: 0.0334651 | Severity: low
2025-09-04 08:05:38,117 | DEBUG | cEdgeDetector  | Label: network_anomaly | Value: 0.0121481 | Severity: low
2025-09-04 08:05:38,125 | DEBUG | cEdgeDetector  | Label: network_anomaly | Value: 0.0126632 | Severity: low
2025-09-04 08:05:38,132 | DEBUG | cEdgeDetector  | Label: network_anomaly | Value: 0.0156040 | Severity: low
2025-09-04 08:05:43,167 | DEBUG | cEdgeDetector  | Label: network_anomaly | Value: 0.0155113 | Severity: low
2025-09-04 08:05:43,205 | DEBUG | cEdgeDetector  | Label: network_anomaly | Value: 0.0108205 | Severity: low
2025-09-04 08:05:43,241 | DEBUG | cEdgeDetector  | Label: network_anomaly | Value: 0.0127361 | Severity: low
2025-09-04 08:05:43,254 | DEBUG | cEdgeDetector  | Label: network_anomaly | Value: 0.0129609 | Severity: low
2025-09-04 08:05:44,217 | DEBUG | cEdgeDetector  | Label: network_anomaly | Value: 0.0174381 | Severity: low
2025-09-04 08:05:53,542 | DEBUG | cEdgeDetector  | Label: network_anomaly | Value: 0.0139700 | Severity: low
2025-09-04 08:05:54,563 | DEBUG | cEdgeDetector  | Label: network_anomaly | Value: 0.0132390 | Severity: low
2025-09-04 08:05:58,654 | DEBUG | cEdgeDetector  | Label: network_anomaly | Value: 0.0120120 | Severity: low
2025-09-04 08:05:58,670 | DEBUG | cEdgeDetector  | Label: network_anomaly | Value: 0.0123392 | Severity: low
2025-09-04 08:06:02,753 | DEBUG | cEdgeDetector  | Label: network_anomaly | Value: 0.0101110 | Severity: low
2025-09-04 08:06:02,764 | DEBUG | cEdgeDetector  | Label: network_anomaly | Value: 0.0310999 | Severity: low
2025-09-04 08:06:03,808 | DEBUG | cEdgeDetector  | Label: network_anomaly | Value: 0.0155116 | Severity: low
2025-09-04 08:06:03,841 | DEBUG | cEdgeDetector  | Label: network_anomaly | Value: 0.0108802 | Severity: low
2025-09-04 08:06:03,854 | DEBUG | cEdgeDetector  | Label: network_anomaly | Value: 0.0130765 | Severity: low
2025-09-04 08:06:03,860 | DEBUG | cEdgeDetector  | Label: network_anomaly | Value: 0.0152257 | Severity: low
2025-09-04 08:06:24,197 | DEBUG | cEdgeDetector  | Label: network_anomaly | Value: 0.0108801 | Severity: low
2025-09-04 08:06:34,434 | DEBUG | cEdgeDetector  | Label: network_anomaly | Value: 0.0310917 | Severity: low
2025-09-04 08:06:39,558 | DEBUG | cEdgeDetector  | Label: network_anomaly | Value: 0.0106649 | Severity: low
2025-09-04 08:06:39,570 | DEBUG | cEdgeDetector  | Label: network_anomaly | Value: 0.0106649 | Severity: low
2025-09-04 08:06:44,670 | DEBUG | cEdgeDetector  | Label: network_anomaly | Value: 0.0293030 | Severity: low
2025-09-04 08:06:44,695 | DEBUG | cEdgeDetector  | Label: network_anomaly | Value: 0.0310924 | Severity: low
2025-09-04 08:06:44,714 | DEBUG | cEdgeDetector  | Label: network_anomaly | Value: 0.0108800 | Severity: low
2025-09-04 08:06:47,746 | DEBUG | cEdgeDetector  | Label: network_anomaly | Value: 0.0114035 | Severity: low
2025-09-04 08:06:50,847 | DEBUG | cEdgeDetector  | Label: network_anomaly | Value: 0.0132390 | Severity: low
2025-09-04 08:06:50,862 | DEBUG | cEdgeDetector  | Label: network_anomaly | Value: 0.0139885 | Severity: low
2025-09-04 08:07:40,490 | DEBUG | cEdgeDetector  | Label: network_anomaly | Value: 0.0119246 | Severity: low
2025-09-04 08:07:40,502 | DEBUG | cEdgeDetector  | Label: network_anomaly | Value: 0.0310932 | Severity: low
2025-09-04 08:07:40,507 | DEBUG | cEdgeDetector  | Label: network_anomaly | Value: 0.0310932 | Severity: low
2025-09-04 08:07:41,489 | DEBUG | cEdgeDetector  | Label: network_anomaly | Value: 0.0124727 | Severity: low
2025-09-04 08:07:41,496 | DEBUG | cEdgeDetector  | Label: network_anomaly | Value: 0.0154803 | Severity: low
2025-09-04 08:07:43,619 | DEBUG | cEdgeDetector  | Label: network_anomaly | Value: 0.0150416 | Severity: low
2025-09-04 08:07:44,555 | DEBUG | cEdgeDetector  | Label: network_anomaly | Value: 0.0310930 | Severity: low
2025-09-04 08:07:49,683 | DEBUG | cEdgeDetector  | Label: network_anomaly | Value: 0.0108801 | Severity: low
2025-09-04 08:07:49,691 | DEBUG | cEdgeDetector  | Label: network_anomaly | Value: 0.0106649 | Severity: low
2025-09-04 08:07:50,698 | DEBUG | cEdgeDetector  | Label: network_anomaly | Value: 0.0310917 | Severity: low
2025-09-04 08:07:59,980 | DEBUG | cEdgeDetector  | Label: network_anomaly | Value: 0.0142504 | Severity: low
2025-09-04 08:07:59,984 | DEBUG | cEdgeDetector  | Label: network_anomaly | Value: 0.0092083 | Severity: low
2025-09-04 08:08:01,005 | DEBUG | cEdgeDetector  | Label: network_anomaly | Value: 0.0311000 | Severity: low
2025-09-04 08:08:02,026 | DEBUG | cEdgeDetector  | Label: network_anomaly | Value: 0.0145386 | Severity: low
2025-09-04 08:08:03,050 | DEBUG | cEdgeDetector  | Label: network_anomaly | Value: 0.0310917 | Severity: low
2025-09-04 08:08:06,137 | DEBUG | cEdgeDetector  | Label: network_anomaly | Value: 0.0310917 | Severity: low
2025-09-04 08:08:06,144 | DEBUG | cEdgeDetector  | Label: network_anomaly | Value: 0.0310917 | Severity: low
2025-09-04 08:08:14,445 | DEBUG | cEdgeDetector  | Label: network_anomaly | Value: 0.0141009 | Severity: low
2025-09-04 08:08:14,450 | DEBUG | cEdgeDetector  | Label: network_anomaly | Value: 0.0132837 | Severity: low
2025-09-04 08:08:14,454 | DEBUG | cEdgeDetector  | Label: network_anomaly | Value: 0.0310932 | Severity: low
2025-09-04 08:08:14,458 | DEBUG | cEdgeDetector  | Label: network_anomaly | Value: 0.0122317 | Severity: low
2025-09-04 08:08:15,470 | DEBUG | cEdgeDetector  | Label: network_anomaly | Value: 0.0284677 | Severity: low
2025-09-04 08:08:16,495 | DEBUG | cEdgeDetector  | Label: network_anomaly | Value: 0.0160613 | Severity: low
2025-09-04 08:08:22,700 | DEBUG | cEdgeDetector  | Label: network_anomaly | Value: 0.0162580 | Severity: low
2025-09-04 08:08:23,726 | DEBUG | cEdgeDetector  | Label: network_anomaly | Value: 0.0284675 | Severity: low
2025-09-04 08:08:40,437 | DEBUG | cEdgeDetector  | Label: network_anomaly | Value: 0.0284675 | Severity: low
2025-09-04 08:08:40,444 | DEBUG | cEdgeDetector  | Label: network_anomaly | Value: 0.0284678 | Severity: low
2025-09-04 08:09:03,468 | DEBUG | cEdgeDetector  | Label: network_anomaly | Value: 0.0119246 | Severity: low
2025-09-04 08:09:03,472 | DEBUG | cEdgeDetector  | Label: network_anomaly | Value: 0.0124727 | Severity: low
2025-09-04 08:09:07,562 | DEBUG | cEdgeDetector  | Label: network_anomaly | Value: 0.0154215 | Severity: low
2025-09-04 08:09:07,569 | DEBUG | cEdgeDetector  | Label: network_anomaly | Value: 0.0311006 | Severity: low
2025-09-04 08:09:11,675 | DEBUG | cEdgeDetector  | Label: network_anomaly | Value: 0.0106649 | Severity: low
2025-09-04 08:09:11,701 | DEBUG | cEdgeDetector  | Label: network_anomaly | Value: 0.0100479 | Severity: low
2025-09-04 08:09:11,705 | DEBUG | cEdgeDetector  | Label: network_anomaly | Value: 0.0284674 | Severity: low
2025-09-04 08:09:11,710 | DEBUG | cEdgeDetector  | Label: network_anomaly | Value: 0.0284674 | Severity: low
2025-09-04 08:09:11,720 | DEBUG | cEdgeDetector  | Label: network_anomaly | Value: 0.0243387 | Severity: low
2025-09-04 08:09:11,726 | DEBUG | cEdgeDetector  | Label: network_anomaly | Value: 0.0310932 | Severity: low
2025-09-04 08:09:11,730 | DEBUG | cEdgeDetector  | Label: network_anomaly | Value: 0.0310932 | Severity: low
2025-09-04 08:09:11,734 | DEBUG | cEdgeDetector  | Label: network_anomaly | Value: 0.0284675 | Severity: low
2025-09-04 08:09:11,737 | DEBUG | cEdgeDetector  | Label: network_anomaly | Value: 0.0284675 | Severity: low
2025-09-04 08:09:11,750 | DEBUG | cEdgeDetector  | Label: network_anomaly | Value: 0.0108762 | Severity: low
2025-09-04 08:09:11,753 | DEBUG | cEdgeDetector  | Label: network_anomaly | Value: 0.0106649 | Severity: low
2025-09-04 08:09:12,692 | DEBUG | cEdgeDetector  | Label: network_anomaly | Value: 0.0310930 | Severity: low
2025-09-04 08:09:12,697 | DEBUG | cEdgeDetector  | Label: network_anomaly | Value: 0.0284675 | Severity: low
2025-09-04 08:09:12,700 | DEBUG | cEdgeDetector  | Label: network_anomaly | Value: 0.0284677 | Severity: low
2025-09-04 08:09:19,851 | DEBUG | cEdgeDetector  | Label: network_anomaly | Value: 0.0284675 | Severity: low
2025-09-04 08:09:19,855 | DEBUG | cEdgeDetector  | Label: network_anomaly | Value: 0.0284677 | Severity: low
2025-09-04 08:09:19,862 | DEBUG | cEdgeDetector  | Label: network_anomaly | Value: 0.0233387 | Severity: low
2025-09-04 08:09:19,865 | DEBUG | cEdgeDetector  | Label: network_anomaly | Value: 0.0243339 | Severity: low
2025-09-04 08:09:19,878 | DEBUG | cEdgeDetector  | Label: network_anomaly | Value: 0.1932313 | Severity: high
2025-09-04 08:09:19,881 | DEBUG | cEdgeDetector  | Label: network_anomaly | Value: 0.0104787 | Severity: low
2025-09-04 08:09:20,877 | DEBUG | cEdgeDetector  | Label: network_anomaly | Value: 0.0233363 | Severity: low
2025-09-04 08:09:21,897 | DEBUG | cEdgeDetector  | Label: network_anomaly | Value: 0.0233353 | Severity: low
2025-09-04 08:09:21,901 | DEBUG | cEdgeDetector  | Label: network_anomaly | Value: 0.0284674 | Severity: low
2025-09-04 08:09:21,904 | DEBUG | cEdgeDetector  | Label: network_anomaly | Value: 0.0284678 | Severity: low
2025-09-04 08:09:24,977 | DEBUG | cEdgeDetector  | Label: network_anomaly | Value: 0.0284674 | Severity: low
2025-09-04 08:09:24,981 | DEBUG | cEdgeDetector  | Label: network_anomaly | Value: 0.0284676 | Severity: low
2025-09-04 08:09:27,028 | DEBUG | cEdgeDetector  | Label: network_anomaly | Value: 0.0243384 | Severity: low
2025-09-04 08:09:28,045 | DEBUG | cEdgeDetector  | Label: network_anomaly | Value: 0.0106649 | Severity: low
2025-09-04 08:09:32,140 | DEBUG | cEdgeDetector  | Label: network_anomaly | Value: 0.0310917 | Severity: low
2025-09-04 08:09:32,164 | DEBUG | cEdgeDetector  | Label: network_anomaly | Value: 0.0284675 | Severity: low
2025-09-04 08:09:32,167 | DEBUG | cEdgeDetector  | Label: network_anomaly | Value: 0.0284675 | Severity: low
2025-09-04 08:09:32,174 | DEBUG | cEdgeDetector  | Label: network_anomaly | Value: 0.0108762 | Severity: low
2025-09-04 08:09:32,177 | DEBUG | cEdgeDetector  | Label: network_anomaly | Value: 0.0106649 | Severity: low
2025-09-04 08:09:32,180 | DEBUG | cEdgeDetector  | Label: network_anomaly | Value: 0.0269090 | Severity: low
2025-09-04 08:09:32,186 | DEBUG | cEdgeDetector  | Label: network_anomaly | Value: 0.0284675 | Severity: low
2025-09-04 08:09:34,187 | DEBUG | cEdgeDetector  | Label: network_anomaly | Value: 0.0310917 | Severity: low
2025-09-04 08:09:34,192 | DEBUG | cEdgeDetector  | Label: network_anomaly | Value: 0.0284674 | Severity: low
2025-09-04 08:09:34,196 | DEBUG | cEdgeDetector  | Label: network_anomaly | Value: 0.0310917 | Severity: low
2025-09-04 08:09:34,199 | DEBUG | cEdgeDetector  | Label: network_anomaly | Value: 0.0296996 | Severity: low
2025-09-04 08:09:37,270 | DEBUG | cEdgeDetector  | Label: network_anomaly | Value: 0.0310917 | Severity: low
2025-09-04 08:09:37,343 | DEBUG | cEdgeDetector  | Label: network_anomaly | Value: 0.0097311 | Severity: low
2025-09-04 08:09:37,372 | DEBUG | cEdgeDetector  | Label: network_anomaly | Value: 0.0243388 | Severity: low
2025-09-04 08:09:37,383 | DEBUG | cEdgeDetector  | Label: network_anomaly | Value: 0.0284674 | Severity: low
2025-09-04 08:09:37,393 | DEBUG | cEdgeDetector  | Label: network_anomaly | Value: 0.0284677 | Severity: low
2025-09-04 08:09:41,363 | DEBUG | cEdgeDetector  | Label: network_anomaly | Value: 0.0284675 | Severity: low
2025-09-04 08:09:41,371 | DEBUG | cEdgeDetector  | Label: network_anomaly | Value: 0.0284677 | Severity: low
2025-09-04 08:09:42,389 | DEBUG | cEdgeDetector  | Label: network_anomaly | Value: 0.0079067 | Severity: low
2025-09-04 08:09:44,426 | DEBUG | cEdgeDetector  | Label: network_anomaly | Value: 0.0310932 | Severity: low
2025-09-04 08:09:45,454 | DEBUG | cEdgeDetector  | Label: network_anomaly | Value: 0.0310975 | Severity: low
2025-09-04 08:09:45,464 | DEBUG | cEdgeDetector  | Label: network_anomaly | Value: 0.0284675 | Severity: low
2025-09-04 08:09:45,472 | DEBUG | cEdgeDetector  | Label: network_anomaly | Value: 0.0284677 | Severity: low
2025-09-04 08:09:47,504 | DEBUG | cEdgeDetector  | Label: network_anomaly | Value: 0.0108737 | Severity: low
2025-09-04 08:09:47,508 | DEBUG | cEdgeDetector  | Label: network_anomaly | Value: 0.0243279 | Severity: low
2025-09-04 08:09:47,511 | DEBUG | cEdgeDetector  | Label: network_anomaly | Value: 0.0387613 | Severity: low
2025-09-04 08:09:47,514 | DEBUG | cEdgeDetector  | Label: network_anomaly | Value: 0.0387613 | Severity: low
2025-09-04 08:09:47,522 | DEBUG | cEdgeDetector  | Label: network_anomaly | Value: 0.6792190 | Severity: high
2025-09-04 08:09:47,525 | DEBUG | cEdgeDetector  | Label: network_anomaly | Value: 0.0284675 | Severity: low
2025-09-04 08:09:47,533 | DEBUG | cEdgeDetector  | Label: network_anomaly | Value: 0.0127029 | Severity: low
2025-09-04 08:09:47,537 | DEBUG | cEdgeDetector  | Label: network_anomaly | Value: 0.0156094 | Severity: low
2025-09-04 08:09:47,552 | DEBUG | cEdgeDetector  | Label: network_anomaly | Value: 0.0119246 | Severity: low
2025-09-04 08:09:47,558 | DEBUG | cEdgeDetector  | Label: network_anomaly | Value: 0.0124727 | Severity: low
2025-09-04 08:09:47,563 | DEBUG | cEdgeDetector  | Label: network_anomaly | Value: 0.0310917 | Severity: low
2025-09-04 08:09:47,597 | DEBUG | cEdgeDetector  | Label: network_anomaly | Value: 0.0100235 | Severity: low
2025-09-04 08:09:47,600 | DEBUG | cEdgeDetector  | Label: network_anomaly | Value: 0.1932313 | Severity: high
2025-09-04 08:09:48,526 | DEBUG | cEdgeDetector  | Label: network_anomaly | Value: 0.0106649 | Severity: low
2025-09-04 08:09:49,569 | DEBUG | cEdgeDetector  | Label: network_anomaly | Value: 0.0127361 | Severity: low
2025-09-04 08:09:49,572 | DEBUG | cEdgeDetector  | Label: network_anomaly | Value: 0.0129609 | Severity: low
2025-09-04 08:09:49,575 | DEBUG | cEdgeDetector  | Label: network_anomaly | Value: 0.0284674 | Severity: low
2025-09-04 08:09:49,578 | DEBUG | cEdgeDetector  | Label: network_anomaly | Value: 0.0284675 | Severity: low
2025-09-04 08:09:49,588 | DEBUG | cEdgeDetector  | Label: network_anomaly | Value: 0.0106649 | Severity: low
2025-09-04 08:09:49,591 | DEBUG | cEdgeDetector  | Label: network_anomaly | Value: 0.0104425 | Severity: low
2025-09-04 08:09:49,594 | DEBUG | cEdgeDetector  | Label: network_anomaly | Value: 0.0151415 | Severity: low
2025-09-04 08:09:49,596 | DEBUG | cEdgeDetector  | Label: network_anomaly | Value: 0.0189788 | Severity: low
2025-09-04 08:09:51,596 | DEBUG | cEdgeDetector  | Label: network_anomaly | Value: 0.2585052 | Severity: high
2025-09-04 08:09:51,599 | DEBUG | cEdgeDetector  | Label: network_anomaly | Value: 0.2585052 | Severity: high
2025-09-04 08:09:51,604 | DEBUG | cEdgeDetector  | Label: network_anomaly | Value: 0.0101596 | Severity: low
2025-09-04 08:09:51,607 | DEBUG | cEdgeDetector  | Label: network_anomaly | Value: 0.0189788 | Severity: low
2025-09-04 08:09:52,621 | DEBUG | cEdgeDetector  | Label: network_anomaly | Value: 0.0108907 | Severity: low
2025-09-04 08:09:52,633 | DEBUG | cEdgeDetector  | Label: network_anomaly | Value: 0.0102311 | Severity: low
2025-09-04 08:09:52,636 | DEBUG | cEdgeDetector  | Label: network_anomaly | Value: 0.0189788 | Severity: low
2025-09-04 08:09:53,670 | DEBUG | cEdgeDetector  | Label: network_anomaly | Value: 0.0310932 | Severity: low
2025-09-04 08:09:53,674 | DEBUG | cEdgeDetector  | Label: network_anomaly | Value: 0.0310932 | Severity: low
2025-09-04 08:09:53,678 | DEBUG | cEdgeDetector  | Label: network_anomaly | Value: 0.0284674 | Severity: low
2025-09-04 08:09:53,688 | DEBUG | cEdgeDetector  | Label: network_anomaly | Value: 0.0284678 | Severity: low
2025-09-04 08:09:54,666 | DEBUG | cEdgeDetector  | Label: network_anomaly | Value: 0.0195398 | Severity: low
2025-09-04 08:09:56,714 | DEBUG | cEdgeDetector  | Label: network_anomaly | Value: 0.0121330 | Severity: low
2025-09-04 08:09:56,717 | DEBUG | cEdgeDetector  | Label: network_anomaly | Value: 0.0243387 | Severity: low
2025-09-04 08:09:57,813 | DEBUG | cEdgeDetector  | Label: network_anomaly | Value: 0.0310930 | Severity: low
2025-09-04 08:09:57,824 | DEBUG | cEdgeDetector  | Label: network_anomaly | Value: 0.0284675 | Severity: low
2025-09-04 08:09:57,833 | DEBUG | cEdgeDetector  | Label: network_anomaly | Value: 0.0284677 | Severity: low
2025-09-04 08:09:58,764 | DEBUG | cEdgeDetector  | Label: network_anomaly | Value: 0.0102421 | Severity: low
2025-09-04 08:09:58,768 | DEBUG | cEdgeDetector  | Label: network_anomaly | Value: 0.0126828 | Severity: low
2025-09-04 08:09:59,785 | DEBUG | cEdgeDetector  | Label: network_anomaly | Value: 0.0153873 | Severity: low
2025-09-04 08:10:01,843 | DEBUG | cEdgeDetector  | Label: network_anomaly | Value: 0.0284681 | Severity: low
2025-09-04 08:10:01,850 | DEBUG | cEdgeDetector  | Label: network_anomaly | Value: 0.0284674 | Severity: low
2025-09-04 08:10:02,859 | DEBUG | cEdgeDetector  | Label: network_anomaly | Value: 0.0179126 | Severity: low
2025-09-04 08:10:02,883 | DEBUG | cEdgeDetector  | Label: network_anomaly | Value: 0.0311006 | Severity: low
2025-09-04 08:10:02,891 | DEBUG | cEdgeDetector  | Label: network_anomaly | Value: 0.0118106 | Severity: low
2025-09-04 08:10:03,886 | DEBUG | cEdgeDetector  | Label: network_anomaly | Value: 0.0832174 | Severity: high
2025-09-04 08:10:03,890 | DEBUG | cEdgeDetector  | Label: network_anomaly | Value: 0.0832174 | Severity: high
2025-09-04 08:10:09,011 | DEBUG | cEdgeDetector  | Label: network_anomaly | Value: 0.0284674 | Severity: low
2025-09-04 08:10:09,018 | DEBUG | cEdgeDetector  | Label: network_anomaly | Value: 0.0284674 | Severity: low
2025-09-04 08:10:09,045 | DEBUG | cEdgeDetector  | Label: network_anomaly | Value: 0.0106649 | Severity: low
2025-09-04 08:10:09,052 | DEBUG | cEdgeDetector  | Label: network_anomaly | Value: 0.0243384 | Severity: low
2025-09-04 08:10:09,055 | DEBUG | cEdgeDetector  | Label: network_anomaly | Value: 0.0154535 | Severity: low
2025-09-04 08:10:09,058 | DEBUG | cEdgeDetector  | Label: network_anomaly | Value: 0.0108730 | Severity: low
2025-09-04 08:10:10,036 | DEBUG | cEdgeDetector  | Label: network_anomaly | Value: 0.0106649 | Severity: low
2025-09-04 08:10:10,042 | DEBUG | cEdgeDetector  | Label: network_anomaly | Value: 0.0284674 | Severity: low
2025-09-04 08:10:10,045 | DEBUG | cEdgeDetector  | Label: network_anomaly | Value: 0.0284679 | Severity: low
2025-09-04 08:10:12,120 | DEBUG | cEdgeDetector  | Label: network_anomaly | Value: 0.0108762 | Severity: low
2025-09-04 08:10:15,149 | DEBUG | cEdgeDetector  | Label: network_anomaly | Value: 0.0105214 | Severity: low
2025-09-04 08:10:16,174 | DEBUG | cEdgeDetector  | Label: network_anomaly | Value: 0.0310917 | Severity: low
2025-09-04 08:10:16,178 | DEBUG | cEdgeDetector  | Label: network_anomaly | Value: 0.0284676 | Severity: low
2025-09-04 08:10:16,181 | DEBUG | cEdgeDetector  | Label: network_anomaly | Value: 0.0284681 | Severity: low
2025-09-04 08:10:17,195 | DEBUG | cEdgeDetector  | Label: network_anomaly | Value: 0.0243339 | Severity: low
2025-09-04 08:10:17,202 | DEBUG | cEdgeDetector  | Label: network_anomaly | Value: 0.1932313 | Severity: high
2025-09-04 08:10:17,211 | DEBUG | cEdgeDetector  | Label: network_anomaly | Value: 0.0106869 | Severity: low
2025-09-04 08:10:18,219 | DEBUG | cEdgeDetector  | Label: network_anomaly | Value: 0.0310917 | Severity: low
2025-09-04 08:10:18,231 | DEBUG | cEdgeDetector  | Label: network_anomaly | Value: 0.0284674 | Severity: low
2025-09-04 08:10:18,234 | DEBUG | cEdgeDetector  | Label: network_anomaly | Value: 0.0284674 | Severity: low
2025-09-04 08:10:20,265 | DEBUG | cEdgeDetector  | Label: network_anomaly | Value: 0.0150467 | Severity: low
2025-09-04 08:10:21,291 | DEBUG | cEdgeDetector  | Label: network_anomaly | Value: 0.0085555 | Severity: low
2025-09-04 08:10:22,317 | DEBUG | cEdgeDetector  | Label: network_anomaly | Value: 0.0284674 | Severity: low
2025-09-04 08:10:22,325 | DEBUG | cEdgeDetector  | Label: network_anomaly | Value: 0.0284674 | Severity: low
2025-09-04 08:10:23,338 | DEBUG | cEdgeDetector  | Label: network_anomaly | Value: 0.0108992 | Severity: low
2025-09-04 08:10:23,342 | DEBUG | cEdgeDetector  | Label: network_anomaly | Value: 0.0310917 | Severity: low
2025-09-04 08:10:24,364 | DEBUG | cEdgeDetector  | Label: network_anomaly | Value: 0.0132837 | Severity: low
2025-09-04 08:10:24,370 | DEBUG | cEdgeDetector  | Label: network_anomaly | Value: 0.0125859 | Severity: low
2025-09-04 08:10:25,388 | DEBUG | cEdgeDetector  | Label: network_anomaly | Value: 0.0173984 | Severity: low
2025-09-04 08:10:25,392 | DEBUG | cEdgeDetector  | Label: network_anomaly | Value: 0.0139885 | Severity: low
2025-09-04 08:10:25,398 | DEBUG | cEdgeDetector  | Label: network_anomaly | Value: 0.0168001 | Severity: low
2025-09-04 08:10:26,412 | DEBUG | cEdgeDetector  | Label: network_anomaly | Value: 0.0197471 | Severity: low
2025-09-04 08:10:26,416 | DEBUG | cEdgeDetector  | Label: network_anomaly | Value: 0.0284675 | Severity: low
2025-09-04 08:10:26,420 | DEBUG | cEdgeDetector  | Label: network_anomaly | Value: 0.0284679 | Severity: low
2025-09-04 08:10:27,433 | DEBUG | cEdgeDetector  | Label: network_anomaly | Value: 0.0121329 | Severity: low
2025-09-04 08:10:27,438 | DEBUG | cEdgeDetector  | Label: network_anomaly | Value: 0.0243388 | Severity: low
2025-09-04 08:10:28,459 | DEBUG | cEdgeDetector  | Label: network_anomaly | Value: 0.0158917 | Severity: low
2025-09-04 08:10:28,463 | DEBUG | cEdgeDetector  | Label: network_anomaly | Value: 0.0106649 | Severity: low
2025-09-04 08:10:29,488 | DEBUG | cEdgeDetector  | Label: network_anomaly | Value: 0.0106649 | Severity: low
2025-09-04 08:10:29,495 | DEBUG | cEdgeDetector  | Label: network_anomaly | Value: 0.0310932 | Severity: low
2025-09-04 08:10:29,502 | DEBUG | cEdgeDetector  | Label: network_anomaly | Value: 0.0310975 | Severity: low
2025-09-04 08:10:30,508 | DEBUG | cEdgeDetector  | Label: network_anomaly | Value: 0.0284674 | Severity: low
2025-09-04 08:10:30,517 | DEBUG | cEdgeDetector  | Label: network_anomaly | Value: 0.0284679 | Severity: low
2025-09-04 08:10:30,531 | DEBUG | cEdgeDetector  | Label: network_anomaly | Value: 0.0108762 | Severity: low
2025-09-04 08:10:30,535 | DEBUG | cEdgeDetector  | Label: network_anomaly | Value: 0.0109677 | Severity: low
2025-09-04 08:10:33,587 | DEBUG | cEdgeDetector  | Label: network_anomaly | Value: 0.0207246 | Severity: low
2025-09-04 08:10:34,609 | DEBUG | cEdgeDetector  | Label: network_anomaly | Value: 0.0198004 | Severity: low
2025-09-04 08:10:34,615 | DEBUG | cEdgeDetector  | Label: network_anomaly | Value: 0.0284674 | Severity: low
2025-09-04 08:10:34,623 | DEBUG | cEdgeDetector  | Label: network_anomaly | Value: 0.0284675 | Severity: low
2025-09-04 08:10:34,629 | DEBUG | cEdgeDetector  | Label: network_anomaly | Value: 0.0152558 | Severity: low
2025-09-04 08:10:34,636 | DEBUG | cEdgeDetector  | Label: network_anomaly | Value: 0.0105152 | Severity: low
2025-09-04 08:10:34,640 | DEBUG | cEdgeDetector  | Label: network_anomaly | Value: 0.0151095 | Severity: low
2025-09-04 08:10:34,665 | DEBUG | cEdgeDetector  | Label: network_anomaly | Value: 0.0111801 | Severity: low
2025-09-04 08:10:35,631 | DEBUG | cEdgeDetector  | Label: network_anomaly | Value: 0.0155829 | Severity: low
2025-09-04 08:10:35,640 | DEBUG | cEdgeDetector  | Label: network_anomaly | Value: 0.0138643 | Severity: low
2025-09-04 08:10:35,647 | DEBUG | cEdgeDetector  | Label: network_anomaly | Value: 0.0147239 | Severity: low
2025-09-04 08:10:35,655 | DEBUG | cEdgeDetector  | Label: network_anomaly | Value: 0.0130765 | Severity: low
2025-09-04 08:10:35,665 | DEBUG | cEdgeDetector  | Label: network_anomaly | Value: 0.0120128 | Severity: low
2025-09-04 08:10:35,673 | DEBUG | cEdgeDetector  | Label: network_anomaly | Value: 0.0155046 | Severity: low
2025-09-04 08:10:36,653 | DEBUG | cEdgeDetector  | Label: network_anomaly | Value: 0.0101620 | Severity: low
2025-09-04 08:10:36,661 | DEBUG | cEdgeDetector  | Label: network_anomaly | Value: 0.0302265 | Severity: low
2025-09-04 08:10:36,668 | DEBUG | cEdgeDetector  | Label: network_anomaly | Value: 0.0162086 | Severity: low
2025-09-04 08:10:37,683 | DEBUG | cEdgeDetector  | Label: network_anomaly | Value: 0.0233357 | Severity: low
2025-09-04 08:10:37,692 | DEBUG | cEdgeDetector  | Label: network_anomaly | Value: 0.0128123 | Severity: low
2025-09-04 08:10:37,704 | DEBUG | cEdgeDetector  | Label: network_anomaly | Value: 0.0152734 | Severity: low
2025-09-04 08:10:37,716 | DEBUG | cEdgeDetector  | Label: network_anomaly | Value: 0.0247606 | Severity: low
2025-09-04 08:10:37,727 | DEBUG | cEdgeDetector  | Label: network_anomaly | Value: 0.0132837 | Severity: low
2025-09-04 08:10:37,740 | DEBUG | cEdgeDetector  | Label: network_anomaly | Value: 0.0139885 | Severity: low
2025-09-04 08:10:38,701 | DEBUG | cEdgeDetector  | Label: network_anomaly | Value: 0.0140695 | Severity: low
2025-09-04 08:10:39,721 | DEBUG | cEdgeDetector  | Label: network_anomaly | Value: 0.0178603 | Severity: low
2025-09-04 08:10:39,726 | DEBUG | cEdgeDetector  | Label: network_anomaly | Value: 0.0310932 | Severity: low
2025-09-04 08:10:39,729 | DEBUG | cEdgeDetector  | Label: network_anomaly | Value: 0.0310932 | Severity: low
2025-09-04 08:10:39,732 | DEBUG | cEdgeDetector  | Label: network_anomaly | Value: 0.0284675 | Severity: low
2025-09-04 08:10:39,737 | DEBUG | cEdgeDetector  | Label: network_anomaly | Value: 0.0284679 | Severity: low
2025-09-04 08:10:41,772 | DEBUG | cEdgeDetector  | Label: network_anomaly | Value: 0.0197008 | Severity: low
2025-09-04 08:10:41,786 | DEBUG | cEdgeDetector  | Label: network_anomaly | Value: 0.0126632 | Severity: low
2025-09-04 08:10:41,811 | DEBUG | cEdgeDetector  | Label: network_anomaly | Value: 0.0128264 | Severity: low
2025-09-04 08:10:41,818 | DEBUG | cEdgeDetector  | Label: network_anomaly | Value: 0.0115651 | Severity: low
2025-09-04 08:10:41,827 | DEBUG | cEdgeDetector  | Label: network_anomaly | Value: 0.0126632 | Severity: low
2025-09-04 08:10:41,834 | DEBUG | cEdgeDetector  | Label: network_anomaly | Value: 0.0138501 | Severity: low
2025-09-04 08:10:41,842 | DEBUG | cEdgeDetector  | Label: network_anomaly | Value: 0.0140498 | Severity: low
2025-09-04 08:10:41,864 | DEBUG | cEdgeDetector  | Label: network_anomaly | Value: 0.0194479 | Severity: low
2025-09-04 08:10:41,874 | DEBUG | cEdgeDetector  | Label: network_anomaly | Value: 0.0121479 | Severity: low
2025-09-04 08:10:42,797 | DEBUG | cEdgeDetector  | Label: network_anomaly | Value: 0.0126632 | Severity: low
2025-09-04 08:10:43,819 | DEBUG | cEdgeDetector  | Label: network_anomaly | Value: 0.0154157 | Severity: low
2025-09-04 08:10:43,829 | DEBUG | cEdgeDetector  | Label: network_anomaly | Value: 0.0154214 | Severity: low
2025-09-04 08:10:43,836 | DEBUG | cEdgeDetector  | Label: network_anomaly | Value: 0.0284674 | Severity: low
2025-09-04 08:10:43,839 | DEBUG | cEdgeDetector  | Label: network_anomaly | Value: 0.0284680 | Severity: low
2025-09-04 08:10:43,848 | DEBUG | cEdgeDetector  | Label: network_anomaly | Value: 0.0126632 | Severity: low
2025-09-04 08:10:44,844 | DEBUG | cEdgeDetector  | Label: network_anomaly | Value: 0.0153587 | Severity: low
2025-09-04 08:10:44,849 | DEBUG | cEdgeDetector  | Label: network_anomaly | Value: 0.0310917 | Severity: low
2025-09-04 08:10:46,891 | DEBUG | cEdgeDetector  | Label: network_anomaly | Value: 0.0197463 | Severity: low
2025-09-04 08:10:46,896 | DEBUG | cEdgeDetector  | Label: network_anomaly | Value: 0.0284674 | Severity: low
2025-09-04 08:10:46,901 | DEBUG | cEdgeDetector  | Label: network_anomaly | Value: 0.0284673 | Severity: low
2025-09-04 08:10:46,911 | DEBUG | cEdgeDetector  | Label: network_anomaly | Value: 0.0095068 | Severity: low
2025-09-04 08:10:47,925 | DEBUG | cEdgeDetector  | Label: network_anomaly | Value: 0.0243308 | Severity: low
2025-09-04 08:10:47,934 | DEBUG | cEdgeDetector  | Label: network_anomaly | Value: 0.6792190 | Severity: high
2025-09-04 08:10:47,942 | DEBUG | cEdgeDetector  | Label: network_anomaly | Value: 0.0325547 | Severity: low
2025-09-04 08:10:47,951 | DEBUG | cEdgeDetector  | Label: network_anomaly | Value: 0.1941681 | Severity: high
2025-09-04 08:10:47,959 | DEBUG | cEdgeDetector  | Label: network_anomaly | Value: 0.0162337 | Severity: low
2025-09-04 08:10:48,030 | DEBUG | cEdgeDetector  | Label: network_anomaly | Value: 0.0106649 | Severity: low
2025-09-04 08:10:49,966 | DEBUG | cEdgeDetector  | Label: network_anomaly | Value: 0.0138816 | Severity: low
2025-09-04 08:10:49,972 | DEBUG | cEdgeDetector  | Label: network_anomaly | Value: 0.0150374 | Severity: low
2025-09-04 08:10:49,975 | DEBUG | cEdgeDetector  | Label: network_anomaly | Value: 0.0152734 | Severity: low
2025-09-04 08:10:52,015 | DEBUG | cEdgeDetector  | Label: network_anomaly | Value: 0.0126994 | Severity: low
2025-09-04 08:10:52,034 | DEBUG | cEdgeDetector  | Label: network_anomaly | Value: 0.0164285 | Severity: low
2025-09-04 08:10:52,037 | DEBUG | cEdgeDetector  | Label: network_anomaly | Value: 0.0106649 | Severity: low
2025-09-04 08:10:52,042 | DEBUG | cEdgeDetector  | Label: network_anomaly | Value: 0.0284675 | Severity: low
2025-09-04 08:10:52,045 | DEBUG | cEdgeDetector  | Label: network_anomaly | Value: 0.0284675 | Severity: low
2025-09-04 08:10:52,053 | DEBUG | cEdgeDetector  | Label: network_anomaly | Value: 0.0108763 | Severity: low
2025-09-04 08:10:57,151 | DEBUG | cEdgeDetector  | Label: network_anomaly | Value: 0.0098598 | Severity: low
2025-09-04 08:10:57,181 | DEBUG | cEdgeDetector  | Label: network_anomaly | Value: 0.0128451 | Severity: low
2025-09-04 08:10:57,200 | DEBUG | cEdgeDetector  | Label: network_anomaly | Value: 0.0220022 | Severity: low
2025-09-04 08:10:57,229 | DEBUG | cEdgeDetector  | Label: network_anomaly | Value: 0.0152734 | Severity: low
2025-09-04 08:10:57,246 | DEBUG | cEdgeDetector  | Label: network_anomaly | Value: 0.0090671 | Severity: low
2025-09-04 08:10:57,265 | DEBUG | cEdgeDetector  | Label: network_anomaly | Value: 0.0121481 | Severity: low
2025-09-04 08:10:57,283 | DEBUG | cEdgeDetector  | Label: network_anomaly | Value: 0.0156091 | Severity: low
2025-09-04 08:10:58,180 | DEBUG | cEdgeDetector  | Label: network_anomaly | Value: 0.0109200 | Severity: low
2025-09-04 08:10:58,185 | DEBUG | cEdgeDetector  | Label: network_anomaly | Value: 0.0113105 | Severity: low
2025-09-04 08:10:58,188 | DEBUG | cEdgeDetector  | Label: network_anomaly | Value: 0.0126632 | Severity: low
2025-09-04 08:10:58,192 | DEBUG | cEdgeDetector  | Label: network_anomaly | Value: 0.0284681 | Severity: low
2025-09-04 08:10:58,195 | DEBUG | cEdgeDetector  | Label: network_anomaly | Value: 0.0284674 | Severity: low
2025-09-04 08:10:58,198 | DEBUG | cEdgeDetector  | Label: network_anomaly | Value: 0.0284681 | Severity: low
2025-09-04 08:10:58,202 | DEBUG | cEdgeDetector  | Label: network_anomaly | Value: 0.0284675 | Severity: low
2025-09-04 08:10:58,239 | DEBUG | cEdgeDetector  | Label: network_anomaly | Value: 0.0243380 | Severity: low
2025-09-04 08:10:58,245 | DEBUG | cEdgeDetector  | Label: network_anomaly | Value: 0.0284675 | Severity: low
2025-09-04 08:10:58,263 | DEBUG | cEdgeDetector  | Label: network_anomaly | Value: 0.0284674 | Severity: low
2025-09-04 08:10:58,274 | DEBUG | cEdgeDetector  | Label: network_anomaly | Value: 0.0268252 | Severity: low
2025-09-04 08:10:58,285 | DEBUG | cEdgeDetector  | Label: network_anomaly | Value: 0.0284674 | Severity: low
2025-09-04 08:11:00,203 | DEBUG | cEdgeDetector  | Label: network_anomaly | Value: 0.0310917 | Severity: low
2025-09-04 08:11:00,211 | DEBUG | cEdgeDetector  | Label: network_anomaly | Value: 0.0284674 | Severity: low
2025-09-04 08:11:00,217 | DEBUG | cEdgeDetector  | Label: network_anomaly | Value: 0.0284680 | Severity: low
2025-09-04 08:11:01,227 | DEBUG | cEdgeDetector  | Label: network_anomaly | Value: 0.0122953 | Severity: low
2025-09-04 08:11:01,230 | DEBUG | cEdgeDetector  | Label: network_anomaly | Value: 0.0310917 | Severity: low
2025-09-04 08:11:04,298 | DEBUG | cEdgeDetector  | Label: network_anomaly | Value: 0.0284674 | Severity: low
2025-09-04 08:11:04,302 | DEBUG | cEdgeDetector  | Label: network_anomaly | Value: 0.0284678 | Severity: low
2025-09-04 08:11:06,346 | DEBUG | cEdgeDetector  | Label: network_anomaly | Value: 0.0104593 | Severity: low
2025-09-04 08:11:06,350 | DEBUG | cEdgeDetector  | Label: network_anomaly | Value: 0.0311006 | Severity: low
2025-09-04 08:11:08,399 | DEBUG | cEdgeDetector  | Label: network_anomaly | Value: 0.0310917 | Severity: low
2025-09-04 08:11:08,417 | DEBUG | cEdgeDetector  | Label: network_anomaly | Value: 0.0310917 | Severity: low
2025-09-04 08:11:08,434 | DEBUG | cEdgeDetector  | Label: network_anomaly | Value: 0.0158461 | Severity: low
2025-09-04 08:11:10,447 | DEBUG | cEdgeDetector  | Label: network_anomaly | Value: 0.0106649 | Severity: low
2025-09-04 08:11:10,455 | DEBUG | cEdgeDetector  | Label: network_anomaly | Value: 0.0189788 | Severity: low
2025-09-04 08:11:10,472 | DEBUG | cEdgeDetector  | Label: network_anomaly | Value: 0.0243384 | Severity: low
2025-09-04 08:11:10,483 | DEBUG | cEdgeDetector  | Label: network_anomaly | Value: 0.0284675 | Severity: low
2025-09-04 08:11:10,494 | DEBUG | cEdgeDetector  | Label: network_anomaly | Value: 0.0284676 | Severity: low
2025-09-04 08:11:10,519 | DEBUG | cEdgeDetector  | Label: network_anomaly | Value: 0.0106649 | Severity: low
2025-09-04 08:11:11,469 | DEBUG | cEdgeDetector  | Label: network_anomaly | Value: 0.0108762 | Severity: low
2025-09-04 08:11:11,473 | DEBUG | cEdgeDetector  | Label: network_anomaly | Value: 0.0284675 | Severity: low
2025-09-04 08:11:11,495 | DEBUG | cEdgeDetector  | Label: network_anomaly | Value: 0.0284676 | Severity: low
2025-09-04 08:13:03,463 | DEBUG | cEdgeDetector  | Label: sensor_anomaly | Value: 0.0510160 | Severity: low
2025-09-04 08:13:06,463 | DEBUG | cEdgeDetector  | Label: sensor_anomaly | Value: 0.0111391 | Severity: low
2025-09-04 08:13:30,466 | DEBUG | cEdgeDetector  | Label: sensor_anomaly | Value: 0.0379491 | Severity: low
2025-09-04 08:13:33,468 | DEBUG | cEdgeDetector  | Label: sensor_anomaly | Value: 0.0404096 | Severity: low
2025-09-04 08:13:36,467 | DEBUG | cEdgeDetector  | Label: sensor_anomaly | Value: 0.0104542 | Severity: low
2025-09-04 08:13:39,468 | DEBUG | cEdgeDetector  | Label: sensor_anomaly | Value: 0.0176708 | Severity: low
2025-09-04 08:13:45,469 | DEBUG | cEdgeDetector  | Label: sensor_anomaly | Value: 0.0860103 | Severity: low
2025-09-04 08:13:48,469 | DEBUG | cEdgeDetector  | Label: sensor_anomaly | Value: 0.0209860 | Severity: low
2025-09-04 08:13:51,470 | DEBUG | cEdgeDetector  | Label: sensor_anomaly | Value: 0.0213540 | Severity: low
2025-09-04 08:14:03,473 | DEBUG | cEdgeDetector  | Label: sensor_anomaly | Value: 0.0336140 | Severity: low
2025-09-04 08:14:15,474 | DEBUG | cEdgeDetector  | Label: sensor_anomaly | Value: 0.0363511 | Severity: low
2025-09-04 08:14:18,474 | DEBUG | cEdgeDetector  | Label: sensor_anomaly | Value: 0.0205906 | Severity: low
2025-09-04 08:14:21,474 | DEBUG | cEdgeDetector  | Label: sensor_anomaly | Value: 0.0629975 | Severity: low
2025-09-04 08:14:24,475 | DEBUG | cEdgeDetector  | Label: sensor_anomaly | Value: 0.0962927 | Severity: low
2025-09-04 08:14:27,475 | DEBUG | cEdgeDetector  | Label: sensor_anomaly | Value: 0.0282022 | Severity: low
2025-09-04 08:14:30,476 | DEBUG | cEdgeDetector  | Label: sensor_anomaly | Value: 0.0038902 | Severity: low
2025-09-04 08:14:33,477 | DEBUG | cEdgeDetector  | Label: sensor_anomaly | Value: 0.0350188 | Severity: low
2025-09-04 08:14:36,477 | DEBUG | cEdgeDetector  | Label: sensor_anomaly | Value: 0.0431433 | Severity: low
2025-09-04 08:14:39,478 | DEBUG | cEdgeDetector  | Label: sensor_anomaly | Value: 0.0320631 | Severity: low
2025-09-04 08:14:42,479 | DEBUG | cEdgeDetector  | Label: sensor_anomaly | Value: 0.0335601 | Severity: low
2025-09-04 08:14:45,479 | DEBUG | cEdgeDetector  | Label: sensor_anomaly | Value: 0.0436130 | Severity: low
2025-09-04 08:15:06,481 | DEBUG | cEdgeDetector  | Label: sensor_anomaly | Value: 0.0934446 | Severity: low
2025-09-04 08:15:09,483 | DEBUG | cEdgeDetector  | Label: sensor_anomaly | Value: 0.0158384 | Severity: low
2025-09-04 08:15:12,482 | DEBUG | cEdgeDetector  | Label: sensor_anomaly | Value: 0.0152288 | Severity: low
2025-09-04 08:15:15,482 | DEBUG | cEdgeDetector  | Label: sensor_anomaly | Value: 0.0394829 | Severity: low
2025-09-04 08:15:18,483 | DEBUG | cEdgeDetector  | Label: sensor_anomaly | Value: 0.0663735 | Severity: low
2025-09-04 08:15:21,483 | DEBUG | cEdgeDetector  | Label: sensor_anomaly | Value: 0.0638701 | Severity: low
2025-09-04 08:15:24,483 | DEBUG | cEdgeDetector  | Label: sensor_anomaly | Value: 0.0328009 | Severity: low
2025-09-04 08:15:27,485 | DEBUG | cEdgeDetector  | Label: sensor_anomaly | Value: 0.0323955 | Severity: low
2025-09-04 08:15:30,492 | DEBUG | cEdgeDetector  | Label: sensor_anomaly | Value: 0.0094755 | Severity: low
2025-09-04 08:15:33,492 | DEBUG | cEdgeDetector  | Label: sensor_anomaly | Value: 0.0072898 | Severity: low
2025-09-04 08:15:36,492 | DEBUG | cEdgeDetector  | Label: sensor_anomaly | Value: 0.0612766 | Severity: low
2025-09-04 08:15:39,492 | DEBUG | cEdgeDetector  | Label: sensor_anomaly | Value: 0.0189813 | Severity: low
2025-09-04 08:15:42,492 | DEBUG | cEdgeDetector  | Label: sensor_anomaly | Value: 0.1112110 | Severity: low
2025-09-04 08:15:45,493 | DEBUG | cEdgeDetector  | Label: sensor_anomaly | Value: 0.0523505 | Severity: low
2025-09-04 08:15:48,493 | DEBUG | cEdgeDetector  | Label: sensor_anomaly | Value: 0.0364334 | Severity: low
2025-09-04 08:15:51,494 | DEBUG | cEdgeDetector  | Label: sensor_anomaly | Value: 0.0325096 | Severity: low
2025-09-04 08:15:54,494 | DEBUG | cEdgeDetector  | Label: sensor_anomaly | Value: 0.0114552 | Severity: low
2025-09-04 08:15:57,494 | DEBUG | cEdgeDetector  | Label: sensor_anomaly | Value: 0.0250606 | Severity: low
2025-09-04 08:16:00,495 | DEBUG | cEdgeDetector  | Label: sensor_anomaly | Value: 0.0478149 | Severity: low
2025-09-04 08:16:03,496 | DEBUG | cEdgeDetector  | Label: sensor_anomaly | Value: 0.0075083 | Severity: low
2025-09-04 08:20:16,996 | DEBUG | cEdgeDetector  | Label: sensor_anomaly | Value: 0.0510160 | Severity: low
2025-09-04 08:20:19,997 | DEBUG | cEdgeDetector  | Label: sensor_anomaly | Value: 0.0111391 | Severity: low
2025-09-04 08:37:09,264 | DEBUG | cEdgeDetector  | Label: sensor_anomaly | Value: 0.0510160 | Severity: low
2025-09-04 08:37:12,265 | DEBUG | cEdgeDetector  | Label: sensor_anomaly | Value: 0.0111391 | Severity: low
2025-09-04 08:37:36,269 | DEBUG | cEdgeDetector  | Label: sensor_anomaly | Value: 0.0379491 | Severity: low
2025-09-04 08:37:39,269 | DEBUG | cEdgeDetector  | Label: sensor_anomaly | Value: 0.0404096 | Severity: low
2025-09-04 08:37:42,270 | DEBUG | cEdgeDetector  | Label: sensor_anomaly | Value: 0.0104542 | Severity: low
2025-09-04 08:37:45,270 | DEBUG | cEdgeDetector  | Label: sensor_anomaly | Value: 0.0176708 | Severity: low
2025-09-04 08:37:51,273 | DEBUG | cEdgeDetector  | Label: sensor_anomaly | Value: 0.0860103 | Severity: low
2025-09-04 08:37:54,272 | DEBUG | cEdgeDetector  | Label: sensor_anomaly | Value: 0.0209860 | Severity: low
2025-09-04 08:37:57,273 | DEBUG | cEdgeDetector  | Label: sensor_anomaly | Value: 0.0213540 | Severity: low
2025-09-04 08:38:09,274 | DEBUG | cEdgeDetector  | Label: sensor_anomaly | Value: 0.0336140 | Severity: low
2025-09-04 08:38:21,277 | DEBUG | cEdgeDetector  | Label: sensor_anomaly | Value: 0.0363511 | Severity: low
2025-09-04 08:38:24,277 | DEBUG | cEdgeDetector  | Label: sensor_anomaly | Value: 0.0205906 | Severity: low
2025-09-04 08:38:31,457 | DEBUG | cEdgeDetector  | Label: sensor_anomaly | Value: 0.0128302 | Severity: low
2025-09-04 08:39:04,464 | DEBUG | cEdgeDetector  | Label: sensor_anomaly | Value: 0.0510160 | Severity: low
2025-09-04 08:39:07,465 | DEBUG | cEdgeDetector  | Label: sensor_anomaly | Value: 0.0111391 | Severity: low
2025-09-04 08:57:02,269 | ERROR | SensorProbe    | [JSON ERROR] could not convert string to float: np.str_('application_category_name') :: {"application_category_name":"Web","application_confidence":6,"application_is_guessed":0,"application_name":"TLS","bidirectional_ack_packets":4,"bidirectional_bytes":337,"bidirectional_cwr_packets":0,
Traceback (most recent call last):
  File "/app/network_capturing/probe.py", line 282, in _parse_sensor_data
    sensor_data_scaled = self.scaler.transform(np.array(sensor_data_list).reshape(1, -1))
                         ^^^^^^^^^^^^^^^^^^^^^^^^^^^^^^^^^^^^^^^^^^^^^^^^^^^^^^^^^^^^^^^^
  File "/usr/local/lib/python3.11/site-packages/sklearn/utils/_set_output.py", line 319, in wrapped
    data_to_wrap = f(self, X, *args, **kwargs)
                   ^^^^^^^^^^^^^^^^^^^^^^^^^^^
  File "/usr/local/lib/python3.11/site-packages/sklearn/preprocessing/_data.py", line 1686, in transform
    X = validate_data(
        ^^^^^^^^^^^^^^
  File "/usr/local/lib/python3.11/site-packages/sklearn/utils/validation.py", line 2944, in validate_data
    out = check_array(X, input_name="X", **check_params)
          ^^^^^^^^^^^^^^^^^^^^^^^^^^^^^^^^^^^^^^^^^^^^^^
  File "/usr/local/lib/python3.11/site-packages/sklearn/utils/validation.py", line 1055, in check_array
    array = _asarray_with_order(array, order=order, dtype=dtype, xp=xp)
            ^^^^^^^^^^^^^^^^^^^^^^^^^^^^^^^^^^^^^^^^^^^^^^^^^^^^^^^^^^^
  File "/usr/local/lib/python3.11/site-packages/sklearn/utils/_array_api.py", line 839, in _asarray_with_order
    array = numpy.asarray(array, order=order, dtype=dtype)
            ^^^^^^^^^^^^^^^^^^^^^^^^^^^^^^^^^^^^^^^^^^^^^^
ValueError: could not convert string to float: np.str_('application_category_name')
2025-09-04 08:59:55,720 | DEBUG | Main           | Initializing NetworkStream and SensorStream...
2025-09-04 08:59:55,748 | DEBUG | Main           | Init/Setup of network and sensor probe...
2025-09-04 08:59:55,749 | INFO  | NetworkProbe   | NetworkProbe initialized.
2025-09-04 08:59:55,750 | INFO  | SensorProbe    | SensorProbe initialized.
2025-09-04 08:59:55,769 | DEBUG | Main           | Initializing edge detector...
2025-09-04 08:59:55,780 | INFO  | cEdgeDetector  | cEdgeDetector initialized.
2025-09-04 08:59:55,811 | DEBUG | Main           | Starting network traffic capture on port 9000...
2025-09-04 08:59:55,813 | DEBUG | Main           | Starting sensor traffic capture on port 9001...
2025-09-04 08:59:55,815 | INFO  | NetworkProbe   | TCP server listening on 0.0.0.0:9000
2025-09-04 08:59:55,816 | INFO  | SensorProbe    | TCP server listening on 0.0.0.0:9001
2025-09-04 09:00:06,141 | ERROR | SensorProbe    | [JSON ERROR] could not convert string to float: np.str_('application_category_name') :: {"application_category_name":"Web","application_confidence":6,"application_is_guessed":0,"application_name":"TLS","bidirectional_ack_packets":2,"bidirectional_bytes":1536,"bidirectional_cwr_packets":0
Traceback (most recent call last):
  File "/app/network_capturing/probe.py", line 282, in _parse_sensor_data
    sensor_data_scaled = self.scaler.transform(np.array(sensor_data_list).reshape(1, -1))
                         ^^^^^^^^^^^^^^^^^^^^^^^^^^^^^^^^^^^^^^^^^^^^^^^^^^^^^^^^^^^^^^^^
  File "/usr/local/lib/python3.11/site-packages/sklearn/utils/_set_output.py", line 319, in wrapped
    data_to_wrap = f(self, X, *args, **kwargs)
                   ^^^^^^^^^^^^^^^^^^^^^^^^^^^
  File "/usr/local/lib/python3.11/site-packages/sklearn/preprocessing/_data.py", line 1686, in transform
    X = validate_data(
        ^^^^^^^^^^^^^^
  File "/usr/local/lib/python3.11/site-packages/sklearn/utils/validation.py", line 2944, in validate_data
    out = check_array(X, input_name="X", **check_params)
          ^^^^^^^^^^^^^^^^^^^^^^^^^^^^^^^^^^^^^^^^^^^^^^
  File "/usr/local/lib/python3.11/site-packages/sklearn/utils/validation.py", line 1055, in check_array
    array = _asarray_with_order(array, order=order, dtype=dtype, xp=xp)
            ^^^^^^^^^^^^^^^^^^^^^^^^^^^^^^^^^^^^^^^^^^^^^^^^^^^^^^^^^^^
  File "/usr/local/lib/python3.11/site-packages/sklearn/utils/_array_api.py", line 839, in _asarray_with_order
    array = numpy.asarray(array, order=order, dtype=dtype)
            ^^^^^^^^^^^^^^^^^^^^^^^^^^^^^^^^^^^^^^^^^^^^^^
ValueError: could not convert string to float: np.str_('application_category_name')
2025-09-04 09:00:59,243 | DEBUG | Main           | Initializing NetworkStream and SensorStream...
2025-09-04 09:00:59,245 | DEBUG | Main           | Init/Setup of network and sensor probe...
2025-09-04 09:00:59,245 | INFO  | NetworkProbe   | NetworkProbe initialized.
2025-09-04 09:00:59,245 | INFO  | SensorProbe    | SensorProbe initialized.
2025-09-04 09:00:59,288 | DEBUG | Main           | Initializing edge detector...
2025-09-04 09:00:59,292 | INFO  | cEdgeDetector  | cEdgeDetector initialized.
2025-09-04 09:00:59,347 | DEBUG | Main           | Starting network traffic capture on port 9000...
2025-09-04 09:00:59,347 | DEBUG | Main           | Starting sensor traffic capture on port 9001...
2025-09-04 09:00:59,349 | INFO  | NetworkProbe   | TCP server listening on 0.0.0.0:9000
2025-09-04 09:00:59,349 | INFO  | SensorProbe    | TCP server listening on 0.0.0.0:9001
2025-09-04 09:01:11,545 | ERROR | SensorProbe    | [JSON ERROR] could not convert string to float: np.str_('application_category_name') :: {"application_category_name":"Web","application_confidence":6,"application_is_guessed":0,"application_name":"TLS.Google","bidirectional_ack_packets":29,"bidirectional_bytes":10778,"bidirectional_cwr_p
Traceback (most recent call last):
  File "/app/network_capturing/probe.py", line 282, in _parse_sensor_data
    sensor_data_scaled = self.scaler.transform(np.array(sensor_data_list).reshape(1, -1))
                         ^^^^^^^^^^^^^^^^^^^^^^^^^^^^^^^^^^^^^^^^^^^^^^^^^^^^^^^^^^^^^^^^
  File "/usr/local/lib/python3.11/site-packages/sklearn/utils/_set_output.py", line 319, in wrapped
    data_to_wrap = f(self, X, *args, **kwargs)
                   ^^^^^^^^^^^^^^^^^^^^^^^^^^^
  File "/usr/local/lib/python3.11/site-packages/sklearn/preprocessing/_data.py", line 1686, in transform
    X = validate_data(
        ^^^^^^^^^^^^^^
  File "/usr/local/lib/python3.11/site-packages/sklearn/utils/validation.py", line 2944, in validate_data
    out = check_array(X, input_name="X", **check_params)
          ^^^^^^^^^^^^^^^^^^^^^^^^^^^^^^^^^^^^^^^^^^^^^^
  File "/usr/local/lib/python3.11/site-packages/sklearn/utils/validation.py", line 1055, in check_array
    array = _asarray_with_order(array, order=order, dtype=dtype, xp=xp)
            ^^^^^^^^^^^^^^^^^^^^^^^^^^^^^^^^^^^^^^^^^^^^^^^^^^^^^^^^^^^
  File "/usr/local/lib/python3.11/site-packages/sklearn/utils/_array_api.py", line 839, in _asarray_with_order
    array = numpy.asarray(array, order=order, dtype=dtype)
            ^^^^^^^^^^^^^^^^^^^^^^^^^^^^^^^^^^^^^^^^^^^^^^
ValueError: could not convert string to float: np.str_('application_category_name')
2025-09-04 09:03:53,816 | DEBUG | Main           | Initializing NetworkStream and SensorStream...
2025-09-04 09:03:53,877 | DEBUG | Main           | Init/Setup of network and sensor probe...
2025-09-04 09:03:53,877 | INFO  | NetworkProbe   | NetworkProbe initialized.
2025-09-04 09:03:53,878 | INFO  | SensorProbe    | SensorProbe initialized.
2025-09-04 09:03:53,918 | DEBUG | Main           | Initializing edge detector...
2025-09-04 09:03:54,165 | INFO  | cEdgeDetector  | cEdgeDetector initialized.
2025-09-04 09:03:54,210 | DEBUG | Main           | Starting network traffic capture on port 9000...
2025-09-04 09:03:54,211 | DEBUG | Main           | Starting sensor traffic capture on port 9001...
2025-09-04 09:03:54,211 | INFO  | NetworkProbe   | TCP server listening on 0.0.0.0:9000
2025-09-04 09:03:54,212 | INFO  | SensorProbe    | TCP server listening on 0.0.0.0:9001
2025-09-04 09:04:07,108 | DEBUG | cEdgeDetector  | Label: network_anomaly | Value: 0.0293030 | Severity: low
2025-09-04 09:04:07,148 | DEBUG | cEdgeDetector  | Label: network_anomaly | Value: 0.0132390 | Severity: low
2025-09-04 09:04:07,181 | DEBUG | cEdgeDetector  | Label: network_anomaly | Value: 0.0126632 | Severity: low
2025-09-04 09:04:07,208 | DEBUG | cEdgeDetector  | Label: network_anomaly | Value: 0.0160561 | Severity: low
2025-09-04 09:04:07,216 | DEBUG | cEdgeDetector  | Label: network_anomaly | Value: 0.0106648 | Severity: low
2025-09-04 09:04:09,412 | DEBUG | cEdgeDetector  | Label: network_anomaly | Value: 0.0141366 | Severity: low
2025-09-04 09:04:09,467 | DEBUG | cEdgeDetector  | Label: network_anomaly | Value: 0.0154540 | Severity: low
2025-09-04 09:04:16,586 | DEBUG | cEdgeDetector  | Label: network_anomaly | Value: 0.0108762 | Severity: low
2025-09-04 09:04:16,605 | DEBUG | cEdgeDetector  | Label: network_anomaly | Value: 0.0139885 | Severity: low
2025-09-04 09:04:19,685 | DEBUG | cEdgeDetector  | Label: network_anomaly | Value: 0.0141366 | Severity: low
2025-09-04 09:04:19,701 | DEBUG | cEdgeDetector  | Label: network_anomaly | Value: 0.0311006 | Severity: low
2025-09-04 09:04:19,713 | DEBUG | cEdgeDetector  | Label: network_anomaly | Value: 0.0135926 | Severity: low
2025-09-04 09:04:19,724 | DEBUG | cEdgeDetector  | Label: network_anomaly | Value: 0.0102208 | Severity: low
2025-09-04 09:05:21,874 | DEBUG | cEdgeDetector  | Label: sensor_anomaly | Value: 0.0510160 | Severity: low
2025-09-04 09:05:23,882 | DEBUG | cEdgeDetector  | Label: sensor_anomaly | Value: 0.0111391 | Severity: low
2025-09-04 12:21:01,176 | DEBUG | Main           | Initializing NetworkStream and SensorStream...
2025-09-04 12:21:01,229 | DEBUG | Main           | Init/Setup of network and sensor probe...
2025-09-04 12:21:01,230 | INFO  | NetworkProbe   | NetworkProbe initialized.
2025-09-04 12:21:01,230 | INFO  | SensorProbe    | SensorProbe initialized.
2025-09-04 12:21:01,272 | DEBUG | Main           | Initializing edge detector...
2025-09-04 12:21:01,529 | INFO  | cEdgeDetector  | cEdgeDetector initialized.
2025-09-04 12:21:01,595 | DEBUG | Main           | Starting network traffic capture on port 9000...
2025-09-04 12:21:01,595 | DEBUG | Main           | Starting sensor traffic capture on port 9001...
2025-09-04 12:21:01,596 | INFO  | NetworkProbe   | TCP server listening on 0.0.0.0:9000
2025-09-04 12:21:01,596 | INFO  | SensorProbe    | TCP server listening on 0.0.0.0:9001
